C51 COMPILER V9.54   DS1302                                                                09/09/2023 19:12:09 PAGE 1   


C51 COMPILER V9.54, COMPILATION OF MODULE DS1302
OBJECT MODULE PLACED IN .\Objects\DS1302.obj
COMPILER INVOKED BY: D:\Keil5\C51\BIN\C51.EXE DS1302.c OPTIMIZE(8,SPEED) BROWSE DEBUG OBJECTEXTEND PRINT(.\Listings\DS13
                    -02.lst) OBJECT(.\Objects\DS1302.obj)

line level    source

   1          #include <REGX52.H>
   2          
   3          sbit DS1302_SCLK=P3^6;
   4          sbit DS1302_IO=P3^4;
   5          sbit DS1302_CE=P3^5;
   6          #define DS1302_Year                 0x8C    
   7          #define DS1302_Month                0x88    
   8          #define DS1302_Date                 0x86     
   9          #define DS1302_Hour             0x84    
  10          #define DS1302_Minutes          0x82   
  11          #define DS1302_Second           0x80
  12          #define DS1302_WP                               0x8E
  13          unsigned char DS1302_Time[]={22,6,1,21,15,50};
  14          void DS1302_Init()
  15          {
  16   1              DS1302_SCLK=0;
  17   1              DS1302_CE=0;    
  18   1      }
  19          void DS1302_WriteByte(unsigned char Command,Data)
  20          {       unsigned char i;
  21   1              DS1302_CE=1;
  22   1              for(i=0;i<8;i++)
  23   1              {
  24   2                      DS1302_IO=Command&(0x01<<i);
  25   2                      DS1302_SCLK=1;
  26   2                      DS1302_SCLK=0;
  27   2              }
  28   1              
  29   1              for(i=0;i<8;i++)
  30   1              {
  31   2                      DS1302_IO=Data&(0x01<<i);
  32   2                      DS1302_SCLK=1;
  33   2                      DS1302_SCLK=0;
  34   2              }
  35   1              DS1302_CE=0;
  36   1      
  37   1      }
  38          unsigned char DS1302_ReadByte(unsigned Command)
  39          {
  40   1              unsigned char i,Data=0x00;
  41   1              Command|=0x01;
  42   1              DS1302_CE=1;
  43   1              for(i=0;i<8;i++)
  44   1              {
  45   2                      DS1302_IO=Command&(0x01<<i);
  46   2                      DS1302_SCLK=0;
  47   2                      DS1302_SCLK=1;
  48   2              }
  49   1              for(i=0;i<8;i++)
  50   1              {       DS1302_SCLK=1;
  51   2                      DS1302_SCLK=0;
  52   2                      if(DS1302_IO){Data|=(0x01<<i);}
  53   2              }
  54   1              
C51 COMPILER V9.54   DS1302                                                                09/09/2023 19:12:09 PAGE 2   

  55   1              DS1302_CE=0;
  56   1              DS1302_IO=0;
  57   1              return Data;
  58   1      }
  59          void DS1302_SetTime()
  60          {
  61   1              DS1302_WriteByte(DS1302_WP,0x00);
  62   1              DS1302_WriteByte(DS1302_Year,DS1302_Time[0]/10*16+DS1302_Time[0]%10);
  63   1              DS1302_WriteByte(DS1302_Month,DS1302_Time[1]/10*16+DS1302_Time[1]%10);
  64   1              DS1302_WriteByte(DS1302_Date,DS1302_Time[2]/10*16+DS1302_Time[2]%10);
  65   1              DS1302_WriteByte(DS1302_Hour,DS1302_Time[3]/10*16+DS1302_Time[3]%10);
  66   1              DS1302_WriteByte(DS1302_Minutes,DS1302_Time[4]/10*16+DS1302_Time[4]%10);
  67   1              DS1302_WriteByte(DS1302_Second,DS1302_Time[5]/10*16+DS1302_Time[5]%10);
  68   1      }
  69          void DS1302_ReadTime()
  70          {
  71   1              unsigned char Temp;
  72   1              
  73   1              Temp=DS1302_ReadByte(DS1302_Year);
  74   1              DS1302_Time[0]=Temp/16*10+Temp%16;
  75   1              Temp=DS1302_ReadByte(DS1302_Month);
  76   1              DS1302_Time[1]=Temp/16*10+Temp%16;
  77   1              Temp=DS1302_ReadByte(DS1302_Date);
  78   1              DS1302_Time[2]=Temp/16*10+Temp%16;
  79   1              Temp=DS1302_ReadByte(DS1302_Hour);
  80   1              DS1302_Time[3]=Temp/16*10+Temp%16;
  81   1              Temp=DS1302_ReadByte(DS1302_Minutes);
  82   1              DS1302_Time[4]=Temp/16*10+Temp%16;
  83   1              Temp=DS1302_ReadByte(DS1302_Second);
  84   1              DS1302_Time[5]=Temp/16*10+Temp%16;
  85   1      }
  86          
  87          
  88          
  89          
  90          
  91          
  92          
  93          
  94          
  95          
  96          
  97          
  98          


MODULE INFORMATION:   STATIC OVERLAYABLE
   CODE SIZE        =    503    ----
   CONSTANT SIZE    =   ----    ----
   XDATA SIZE       =   ----    ----
   PDATA SIZE       =   ----    ----
   DATA SIZE        =      6       2
   IDATA SIZE       =   ----    ----
   BIT SIZE         =   ----    ----
END OF MODULE INFORMATION.


C51 COMPILATION COMPLETE.  0 WARNING(S),  0 ERROR(S)
