C51 COMPILER V9.54   MAIN                                                                  09/09/2023 19:16:07 PAGE 1   


C51 COMPILER V9.54, COMPILATION OF MODULE MAIN
OBJECT MODULE PLACED IN .\Objects\main.obj
COMPILER INVOKED BY: D:\Keil5\C51\BIN\C51.EXE main.c OPTIMIZE(8,SPEED) BROWSE DEBUG OBJECTEXTEND PRINT(.\Listings\main.l
                    -st) OBJECT(.\Objects\main.obj)

line level    source

   1          #include <REGX52.H>
   2          #include "Key.H"
   3          #include "LCD1602.H"
   4          extern KeyNumber;
   5          unsigned char KeyNum,MODE,arrowSetSelect,arrowSetFlashFlag,Column;
   6          
   7          void menu()
   8          {
   9   1              LCD_ShowString(1,1,"Menu:");
  10   1              LCD_ShowString(2,2,"app1");
  11   1              LCD_ShowString(2,7,"app2");
  12   1              LCD_ShowString(2,12,"app3");
  13   1      }
  14          
  15          void arrowSet()
  16          {
  17   1              LCD_ShowString(2,Column+1,">");
  18   1              
  19   1      }
  20          
  21          void main()
  22          {
  23   1              LCD_Init();
  24   1              while(1)
  25   1              {
  26   2                      menu();
  27   2                      arrowSet();
  28   2                      KeyNum=Key();//????
  29   2                      if(KeyNum==2)//??2??
  30   2                      {
  31   3                              LCD_Init();
  32   3                              Column+=5;//??????1
  33   3                              Column%=15;//????
  34   3                      }
  35   2                      if(KeyNum==1)//??2??
  36   2                      {
  37   3                              LCD_Init();
  38   3                              Column-=5;//??????1
  39   3                              Column%=-15;//????
  40   3                      }
  41   2                      if(KeyNum==4)//??1??
  42   2                      {
  43   3                              if(MODE==0){MODE=1;arrowSetSelect=0;}//????
  44   3                              
  45   3                      }
  46   2                      if(KeyNum==3)//??1??
  47   2                      {
  48   3                              if(MODE==1){MODE=0;arrowSet();}
  49   3                      }
  50   2                      switch(MODE)//??????????????
  51   2                      {
  52   3                              case 0:menu();break;
  53   3                              case 1:arrowSet();break;
  54   3                      }
C51 COMPILER V9.54   MAIN                                                                  09/09/2023 19:16:07 PAGE 2   

  55   2              }
  56   1                      
  57   1      }


MODULE INFORMATION:   STATIC OVERLAYABLE
   CODE SIZE        =    171    ----
   CONSTANT SIZE    =     23    ----
   XDATA SIZE       =   ----    ----
   PDATA SIZE       =   ----    ----
   DATA SIZE        =      5    ----
   IDATA SIZE       =   ----    ----
   BIT SIZE         =   ----    ----
END OF MODULE INFORMATION.


C51 COMPILATION COMPLETE.  0 WARNING(S),  0 ERROR(S)
