C51 COMPILER V9.59.0.0   CAR                                                               01/20/2023 19:22:08 PAGE 1   


C51 COMPILER V9.59.0.0, COMPILATION OF MODULE CAR
OBJECT MODULE PLACED IN .\Objects\car.obj
COMPILER INVOKED BY: D:\C51\BIN\C51.EXE car.c OPTIMIZE(8,SPEED) BROWSE DEBUG OBJECTEXTEND PRINT(.\Listings\car.lst) OBJE
                    -CT(.\Objects\car.obj)

line level    source

   1          
   2          #include <REGX52.H>
   3          #include "motor.h"
   4          
   5          sbit EN1A = P1^5;//左前
   6          sbit EN1B = P1^6;//右前
   7          
   8          unsigned char counter1,speed;   //计数值和比较值，用于输出PWM
   9          
  10          void Timer0_Init()              //100微秒@11.0592MHz
  11          {
  12   1              TMOD = 0x11;    //设置定时器模式
  13   1              TL0 = 0xA4;             //设置定时初始值
  14   1              TH0 = 0xFF;             //设置定时初始值
  15   1              TF0 = 0;                        //清除TF0标志
  16   1              TR0 = 1;                        //定时器0开始计时
  17   1              ET0 = 1;      //定时器0的中端允许开关
  18   1              EA  = 1;      //定时器总开关
  19   1              PT0 = 1;      //设置定时器为高低控制优先级，1为高优先级，0为低优先级
  20   1      }
  21          void Timer0_Routine() interrupt 1  //中断函数
  22          {
  23   1      
  24   1              TL0 = 0xA4;             //设置定时初始值
  25   1              TH0 = 0xFF;             //设置定时初始值
  26   1              
  27   1              counter1++;
  28   1              if (counter1 >= 100)
  29   1              {
  30   2                      counter1 = 0;
  31   2              }
  32   1              if (counter1 < speed)
  33   1              {
  34   2                      EN1A = 1;
  35   2                      EN1B = 1;
  36   2      
  37   2              }
  38   1              else
  39   1              {
  40   2                      EN1A = 0;
  41   2                      EN1B = 0;
  42   2      
  43   2              }
  44   1      }
  45          void car_go ()        //小车向前直行
  46          {
  47   1              speed = 90;
  48   1              LF_motor_go ();
  49   1              RF_motor_go ();
  50   1      
  51   1      }
  52          void car_back ()      //小车向后直行
  53          {
  54   1              speed = 90;
C51 COMPILER V9.59.0.0   CAR                                                               01/20/2023 19:22:08 PAGE 2   

  55   1              LF_motor_back ();
  56   1              RF_motor_back ();
  57   1      
  58   1      }
  59          void car_stop ()      //小车停止
  60          {
  61   1              speed = 0;
  62   1              RF_motor_stop ();
  63   1              LF_motor_stop ();
  64   1      }
  65          void car_leftgo ()    //小车向前左拐
  66          {
  67   1              speed = 16;
  68   1              RF_motor_go ();
  69   1              LF_motor_stop ();
  70   1      
  71   1      }
  72          void car_rightgo ()   //小车向前右拐
  73          {
  74   1              speed = 16;
  75   1              LF_motor_go ();
  76   1              RF_motor_stop ();
  77   1      
  78   1      }
  79          void car_leftback ()  //小车向后左拐
  80          {
  81   1              speed = 16;
  82   1              RF_motor_back ();
  83   1              LF_motor_stop ();
  84   1      
  85   1      }
  86          void car_rightback () //小车向后右拐    
  87          {
  88   1              speed = 16;
  89   1              LF_motor_back ();
  90   1              RF_motor_stop ();
  91   1      
  92   1      }
  93          void car_rightstop () //小车原地右拐
  94          {
  95   1              speed = 90;
  96   1              LF_motor_go ();
  97   1              RF_motor_back ();
  98   1      
  99   1      }
 100          void car_leftstop () //小车原地左拐
 101          {
 102   1              speed = 90;
 103   1              LF_motor_back ();
 104   1              RF_motor_go ();
 105   1      
 106   1      }


MODULE INFORMATION:   STATIC OVERLAYABLE
   CODE SIZE        =    149    ----
   CONSTANT SIZE    =   ----    ----
   XDATA SIZE       =   ----    ----
   PDATA SIZE       =   ----    ----
   DATA SIZE        =      2    ----
   IDATA SIZE       =   ----    ----
   BIT SIZE         =   ----    ----
C51 COMPILER V9.59.0.0   CAR                                                               01/20/2023 19:22:08 PAGE 3   

END OF MODULE INFORMATION.


C51 COMPILATION COMPLETE.  0 WARNING(S),  0 ERROR(S)
