C51 COMPILER V9.59.0.0   EVADIBLE                                                          01/20/2023 19:22:08 PAGE 1   


C51 COMPILER V9.59.0.0, COMPILATION OF MODULE EVADIBLE
OBJECT MODULE PLACED IN .\Objects\evadible.obj
COMPILER INVOKED BY: D:\C51\BIN\C51.EXE evadible.c OPTIMIZE(8,SPEED) BROWSE DEBUG OBJECTEXTEND PRINT(.\Listings\evadible
                    -.lst) OBJECT(.\Objects\evadible.obj)

line level    source

   1          
   2          #include <REGX52.H>
   3          #include "car.h"
   4          #include <intrins.h>
   5          
   6          
   7          sbit Trig = P2^1;   
   8          sbit Echo = P2^2;   
   9          sbit PWM = P2^0; 
  10          
  11          unsigned int sum,distance1,distance2,distance3;    
  12          unsigned char counter2,angle;
  13          unsigned int mindistance = 20;  
  14          
  15          void Delay100ms()               //@11.0592MHz
  16          {
  17   1              unsigned char i, j;
  18   1      
  19   1              i = 180;
  20   1              j = 73;
  21   1              do
  22   1              {
  23   2                      while (--j);
  24   2              } while (--i);
  25   1      }
  26          
  27          void Delay400ms()               //@11.0592MHz  （延时400ms）
  28          {
  29   1              unsigned char i, j, k;
  30   1      
  31   1              _nop_();
  32   1              i = 3;
  33   1              j = 206;
  34   1              k = 43;
  35   1              do
  36   1              {
  37   2                      do
  38   2                      {
  39   3                              while (--k);
  40   3                      } while (--j);
  41   2              } while (--i);
  42   1      }
  43          
  44          void Timer1_Init()              //500微秒@11.0592MHz
  45          {
  46   1              TMOD = 0x11;            //设置定时器模式
  47   1      
  48   1              TL1 = 0x33;             //设置定时初始值
  49   1              TH1 = 0xFE;             //设置定时初始值
  50   1      
  51   1              TF1 = 0;                //清除TF1标志
  52   1              TR1 = 1;                //定时器1开始计时
  53   1              ET1 = 1;      //定时器0的中端允许开关
  54   1              EA  = 1;      //定时器总开关
C51 COMPILER V9.59.0.0   EVADIBLE                                                          01/20/2023 19:22:08 PAGE 2   

  55   1              PT1 = 1;      //设置定时器为高低控制优先级，1为高优先级，0为低优先级
  56   1      }
  57          
  58          
  59          
  60          void Timer1_Routine() interrupt 3  //中断函数
  61          {
  62   1              TL1 = 0x33;             //设置定时初始值
  63   1              TH1 = 0xFE;             //设置定时初始值
  64   1              counter2++;
  65   1              if (counter2 >= 40)
  66   1              {
  67   2                      counter2 = 0;
  68   2              }
  69   1              if (counter2 < angle)
  70   1              {
  71   2                      PWM = 1;
  72   2              }
  73   1              else
  74   1              {
  75   2                      PWM = 0;
  76   2              }
  77   1      }
  78          void Delay20us()                //@11.0592MHz  （延时20us）
  79          {
  80   1              unsigned char i;
  81   1      
  82   1              _nop_();
  83   1              i = 6;
  84   1              while (--i);
  85   1      }
  86          void chaoshengbo () 
  87          {
  88   1              T2MOD = 0;              
  89   1              T2CON = 0;              
  90   1              TL2 = 0;                
  91   1              TH2 = 0;                
  92   1              RCAP2L = 0;             
  93   1              RCAP2H = 0;             
  94   1                      
  95   1              Trig = 1;   
  96   1              Delay20us();
  97   1              Trig = 0;
  98   1              
  99   1              while(!Echo); 
 100   1              TR2 = 1;       
 101   1              while(Echo);  
 102   1              TR2 = 0;      
 103   1      
 104   1              sum = ((TH2*256+TL2)*0.034)/2+1;  //计算距离
 105   1      }
 106          
 107          
 108          void control0 ()  //舵机归中程序
 109          {
 110   1              counter2 = 0;
 111   1              angle = 3;  //舵机归中
 112   1              Delay400ms();
 113   1      }
 114          void control ()  //舵机旋转程序
 115          {
 116   1              counter2 = 0;
C51 COMPILER V9.59.0.0   EVADIBLE                                                          01/20/2023 19:22:08 PAGE 3   

 117   1              angle = 2;
 118   1              Delay400ms();
 119   1              chaoshengbo ();
 120   1              distance1 = sum;
 121   1              counter2 = 0;
 122   1              angle = 4;
 123   1              Delay400ms();
 124   1              counter2 = 0;
 125   1              angle = 3;  //舵机归中
 126   1              Delay400ms();
 127   1              chaoshengbo ();
 128   1              distance2 = sum;
 129   1      }
 130          
 131          void system ()
 132          {       
 133   1              car_go();
 134   1              chaoshengbo ();
 135   1              distance3 = sum;
 136   1              if(distance3 < mindistance)
 137   1              {
 138   2                      car_stop ();
 139   2                      Delay400ms();
 140   2                      control ();
 141   2                      if(distance1 < distance2)
 142   2                      {
 143   3                              car_leftstop ();  //小车原地左拐
 144   3                              Delay400ms();
 145   3                              car_stop();
 146   3                              Delay100ms();
 147   3                              car_go ();
 148   3                      }
 149   2                      if(distance2 < distance1)
 150   2                      {
 151   3                              car_rightstop (); //小车原地右拐
 152   3                              Delay400ms();
 153   3                              car_stop();
 154   3                              Delay100ms();
 155   3                              car_go ();
 156   3                      }
 157   2                      if(distance2 == distance1)
 158   2                      {
 159   3                              car_back (); //小车原地右拐
 160   3                              Delay400ms();
 161   3                              car_rightstop();
 162   3                              Delay400ms();
 163   3                              car_go ();
 164   3                      }
 165   2              }
 166   1              else
 167   1              {car_go();}
 168   1              
 169   1      }
 170          


MODULE INFORMATION:   STATIC OVERLAYABLE
   CODE SIZE        =    345    ----
   CONSTANT SIZE    =   ----    ----
   XDATA SIZE       =   ----    ----
   PDATA SIZE       =   ----    ----
   DATA SIZE        =     12    ----
C51 COMPILER V9.59.0.0   EVADIBLE                                                          01/20/2023 19:22:08 PAGE 4   

   IDATA SIZE       =   ----    ----
   BIT SIZE         =   ----    ----
END OF MODULE INFORMATION.


C51 COMPILATION COMPLETE.  0 WARNING(S),  0 ERROR(S)
