C51 COMPILER V9.60.0.0   HCSR                                                              01/27/2022 10:26:36 PAGE 1   


C51 COMPILER V9.60.0.0, COMPILATION OF MODULE HCSR
OBJECT MODULE PLACED IN .\Objects\HCSR.obj
COMPILER INVOKED BY: D:\Keil_v5\C51\BIN\C51.EXE HCSR.c OPTIMIZE(8,SPEED) BROWSE DEBUG OBJECTEXTEND PRINT(.\Listings\HCSR
                    -.lst) TABS(2) OBJECT(.\Objects\HCSR.obj)

line level    source

   1          #include <REGX52.H>
   2          #include <intrins.h>
   3          
   4          sbit Trig = P2^1;
   5          sbit Echo = P2^2;
   6          
   7          unsigned int sum;               //超声波测距结果
   8          
   9          
  10          void Delay20us()    //@11.0592MHz  （延时20us）
  11          {
  12   1        unsigned char i;
  13   1      
  14   1        _nop_();
  15   1        i = 6;
  16   1        while (--i);
  17   1      }
  18          
  19          
  20          unsigned int chaoshengbo (void)  //超声波测距模块，返回值为测距结果
  21          {
  22   1        TH1 = 0;    //定时器0初始化
  23   1        TL1 = 0;
  24   1        
  25   1        Trig = 1;   //发射一段脉冲，至少20us
  26   1        Delay20us();
  27   1        Trig = 0;
  28   1        
  29   1        while(!Echo);  //等待超声波模块的返回脉冲
  30   1        TR1 = 1;       //打开定时器
  31   1        while(Echo);   //等待超声波模块返回脉冲结束
  32   1        TR1 = 0;       //停止定时器，计时结束
  33   1      
  34   1        sum = ((TH1*256+TL1)*0.034)/2+1;  //计算距离
  35   1        return sum;    //将距离值返回到超声波函数
  36   1      }
  37          
  38          
  39          
  40          
  41          


MODULE INFORMATION:   STATIC OVERLAYABLE
   CODE SIZE        =     84    ----
   CONSTANT SIZE    =   ----    ----
   XDATA SIZE       =   ----    ----
   PDATA SIZE       =   ----    ----
   DATA SIZE        =      2    ----
   IDATA SIZE       =   ----    ----
   BIT SIZE         =   ----    ----
END OF MODULE INFORMATION.


C51 COMPILATION COMPLETE.  0 WARNING(S),  0 ERROR(S)
