C51 COMPILER V9.59.0.0   MOTOR                                                             01/20/2023 19:22:08 PAGE 1   


C51 COMPILER V9.59.0.0, COMPILATION OF MODULE MOTOR
OBJECT MODULE PLACED IN .\Objects\motor.obj
COMPILER INVOKED BY: D:\C51\BIN\C51.EXE motor.c OPTIMIZE(8,SPEED) BROWSE DEBUG OBJECTEXTEND PRINT(.\Listings\motor.lst) 
                    -OBJECT(.\Objects\motor.obj)

line level    source

   1          
   2          #include <REGX52.H>
   3          
   4          sbit IN11 = P1^1;//左前
   5          sbit IN12 = P1^2;
   6          sbit IN13 = P1^3;//右前
   7          sbit IN14 = P1^4;
   8          
   9          void LF_motor_go ()    //左前电机正转
  10          {IN11 = 1;IN12 = 0;}
  11          void LF_motor_back ()  //左前电机反转
  12          {IN11 = 0;IN12 = 1;}
  13          void LF_motor_stop ()  //左前电机停止
  14          {IN11 = 1;IN12 = 1;}
  15          void RF_motor_go ()    //右前电机正转
  16          {IN13 = 1;IN14 = 0;}
  17          void RF_motor_back ()  //右前电机反转
  18          {IN13 = 0;IN14 = 1;}
  19          void RF_motor_stop ()  //右前电机停止
  20          {IN13 = 1;IN14 = 1;}
  21          
  22          
  23          
  24          


MODULE INFORMATION:   STATIC OVERLAYABLE
   CODE SIZE        =     30    ----
   CONSTANT SIZE    =   ----    ----
   XDATA SIZE       =   ----    ----
   PDATA SIZE       =   ----    ----
   DATA SIZE        =   ----    ----
   IDATA SIZE       =   ----    ----
   BIT SIZE         =   ----    ----
END OF MODULE INFORMATION.


C51 COMPILATION COMPLETE.  0 WARNING(S),  0 ERROR(S)
