C51 COMPILER V9.60.0.0   TIMER0                                                            01/28/2022 22:04:42 PAGE 1   


C51 COMPILER V9.60.0.0, COMPILATION OF MODULE TIMER0
OBJECT MODULE PLACED IN .\Objects\Timer0.obj
COMPILER INVOKED BY: D:\Keil_v5\C51\BIN\C51.EXE Timer0.c OPTIMIZE(8,SPEED) BROWSE DEBUG OBJECTEXTEND PRINT(.\Listings\Ti
                    -mer0.lst) TABS(2) OBJECT(.\Objects\Timer0.obj)

line level    source

   1          /**********定时器0**********/
   2          /*用于控制小车电机速度     */
   3          /*speed数值越大，速度越快  */
   4          /**********定时器0**********/
   5          
   6          #include <REGX52.H>
   7          
   8          sbit EN1A = P0^7;//左前
   9          sbit EN1B = P0^2;//右前
  10          sbit EN2A = P3^7;//左后
  11          sbit EN2B = P3^2;//右后
  12          sbit PWM = P1^0; //舵机信号输入位点
  13          
  14          unsigned char counter1,speed; //计数值和比较值，用于输出PWM
  15          unsigned char counter2,angle;
  16          
  17          void Timer0_Init()    //100微秒@11.0592MHz
  18          {
  19   1        TMOD = 0x01;  //设置定时器模式
  20   1        TL0 = 0xA4;   //设置定时初始值
  21   1        TH0 = 0xFF;   //设置定时初始值
  22   1        TF0 = 0;      //清除TF0标志
  23   1        TR0 = 1;      //定时器0开始计时
  24   1        ET0 = 1;      //定时器0的中端允许开关
  25   1        EA  = 1;      //定时器总开关
  26   1        PT0 = 1;      //设置定时器为高低控制优先级，1为高优先级，0为低优先级
  27   1      }
  28          
  29          void Timer0_Routine() interrupt 1  //中断函数
  30          {
  31   1      
  32   1        TL0 = 0xA4;   //设置定时初始值
  33   1        TH0 = 0xFF;   //设置定时初始值
  34   1        speed = 18;
  35   1        counter1++;
  36   1        if (counter1 >= 100)
  37   1        {
  38   2          counter1 = 0;
  39   2        }
  40   1        if (counter1 < speed)
  41   1        {
  42   2          EN1A = 1;
  43   2          EN1B = 1;
  44   2          EN2A = 1;
  45   2          EN2B = 1;
  46   2        }
  47   1        else
  48   1        {
  49   2          EN1A = 0;
  50   2          EN1B = 0;
  51   2          EN2A = 0;
  52   2          EN2B = 0;
  53   2        }
  54   1      }
C51 COMPILER V9.60.0.0   TIMER0                                                            01/28/2022 22:04:42 PAGE 2   

  55          
  56          void Timer1_Init()    //20毫秒@11.0592MHz
  57          {
  58   1        TMOD = 0x11;    //设置定时器模式
  59   1        TL1 = 0x33;   //设置定时初始值
  60   1        TH1 = 0xFE;   //设置定时初始值
  61   1        TF1 = 0;    //清除TF0标志
  62   1        TR1 = 1;    //定时器0开始计时 TR0 = 1;    //定时器0开始计时 
  63   1        ET1 = 1;      //定时器0的中端允许开关
  64   1        EA  = 1;      //定时器总开关
  65   1        PT1 = 1;      //设置定时器为高低控制优先级，1为高优先级，0为低优先级
  66   1      }
  67          
  68          void Timer1_Routine() interrupt 3  //中断函数
  69          {
  70   1      
  71   1        TL1 = 0x33;   //设置定时初始值
  72   1        TH1 = 0xFE;   //设置定时初始值
  73   1        angle = 3;
  74   1        counter2++;
  75   1        if (counter2 >= 40)
  76   1        {
  77   2          counter2 = 0;
  78   2        }
  79   1        if (counter2 < angle)
  80   1        {
  81   2          PWM = 1;
  82   2        }
  83   1        else
  84   1        {
  85   2          PWM = 0;
  86   2        }
  87   1      }


MODULE INFORMATION:   STATIC OVERLAYABLE
   CODE SIZE        =    146    ----
   CONSTANT SIZE    =   ----    ----
   XDATA SIZE       =   ----    ----
   PDATA SIZE       =   ----    ----
   DATA SIZE        =      4    ----
   IDATA SIZE       =   ----    ----
   BIT SIZE         =   ----    ----
END OF MODULE INFORMATION.


C51 COMPILATION COMPLETE.  0 WARNING(S),  0 ERROR(S)
