C51 COMPILER V9.60.0.0   TIMER                                                             01/27/2022 14:32:06 PAGE 1   


C51 COMPILER V9.60.0.0, COMPILATION OF MODULE TIMER
OBJECT MODULE PLACED IN .\Objects\Timer.obj
COMPILER INVOKED BY: D:\Keil_v5\C51\BIN\C51.EXE Timer.c OPTIMIZE(8,SPEED) BROWSE DEBUG OBJECTEXTEND PRINT(.\Listings\Tim
                    -er.lst) TABS(2) OBJECT(.\Objects\Timer.obj)

line level    source

   1          /**********定时器0**********/
   2          //用于控制小车速度
   3          
   4          #include <REGX52.H>
   5          
   6          sbit EN1A = P0^7;//左前
   7          sbit EN1B = P0^2;//右前
   8          sbit EN2A = P3^7;//左后
   9          sbit EN2B = P3^2;//右后
  10          
  11          unsigned char counter,speed;  //计数值和比较值，用于输出PWM
  12          
  13          void Timer0_Init()    //100微秒@11.0592MHz
  14          {
  15   1        TMOD = 0x10;  //设置定时器模式
  16   1        TL0 = 0xA4;   //设置定时初始值
  17   1        TH0 = 0xFF;   //设置定时初始值
  18   1        TF0 = 0;      //清除TF0标志
  19   1        TR0 = 1;      //定时器0开始计时
  20   1        ET0 = 1;      //定时器0的中端允许开关
  21   1        EA  = 1;      //定时器总开关
  22   1        PT0 = 1;      //设置定时器为高低控制优先级，1为高优先级，0为低优先级
  23   1      }
  24          
  25          void Timer0_Routine() interrupt 1  //中断函数
  26          {
  27   1      
  28   1        TL0 = 0xA4;   //设置定时初始值
  29   1        TH0 = 0xFF;   //设置定时初始值
  30   1        speed = 20;
  31   1        counter++;
  32   1        if (counter >= 100)
  33   1        {
  34   2          counter = 0;
  35   2        }
  36   1        if (counter < speed)
  37   1        {
  38   2          EN1A = 1;
  39   2          EN1B = 1;
  40   2          EN2A = 1;
  41   2          EN2B = 1;
  42   2        }
  43   1        else
  44   1        {
  45   2          EN1A = 0;
  46   2          EN1B = 0;
  47   2          EN2A = 0;
  48   2          EN2B = 0;
  49   2        }
  50   1      }


MODULE INFORMATION:   STATIC OVERLAYABLE
   CODE SIZE        =     79    ----
C51 COMPILER V9.60.0.0   TIMER                                                             01/27/2022 14:32:06 PAGE 2   

   CONSTANT SIZE    =   ----    ----
   XDATA SIZE       =   ----    ----
   PDATA SIZE       =   ----    ----
   DATA SIZE        =      2    ----
   IDATA SIZE       =   ----    ----
   BIT SIZE         =   ----    ----
END OF MODULE INFORMATION.


C51 COMPILATION COMPLETE.  0 WARNING(S),  0 ERROR(S)
