C51 COMPILER V9.59.0.0   MAIN                                                              01/20/2023 18:45:21 PAGE 1   


C51 COMPILER V9.59.0.0, COMPILATION OF MODULE MAIN
OBJECT MODULE PLACED IN .\Objects\main.obj
COMPILER INVOKED BY: D:\C51\BIN\C51.EXE main.c OPTIMIZE(8,SPEED) BROWSE DEBUG OBJECTEXTEND PRINT(.\Listings\main.lst) OB
                    -JECT(.\Objects\main.obj)

line level    source

   1          #include <REGX52.H>
   2          #include "car.h"
   3          #include "cargo.h"
   4          #include "chaoshengbo.h"
   5          #include "Delay.h"
   6          
   7          
   8          
   9          void main ()
  10          {               
  11   1      //      cargo();
  12   1      //      Delay(2000);
  13   1                      car();          
  14   1      }       
  15                          
  16          //              IN21=1;
  17          //              IN22=0;
  18          //              IN23=1;
  19          //              IN24=0;
  20          //      
  21          //      
  22          //              Timer0_Init();  
  23          //              Timer1_Init();  
  24          //              
  25          //              TMOD = 0x11;
  26          //              TL1=0;
  27          //              TH1=0;
  28          //      
  29          //              Trig=1;
  30          //              Delay(20);
  31          //              Trig=0;
  32          //              
  33          //              while(!Echo);
  34          //              TR1=1;
  35          //              while(Echo);
  36          //              TR1=0;
  37          //              result=((TH1*256+TL1)*0.034)/2+1;
  38          //      
  39          //              if(instance>result)
  40          //              {
  41          //                      Speedleft = 0;
  42          //                      Speedright = 0;
  43          //                      Delay(1000);
  44          //              }
  45          //              else
  46          //              {       
  47          //                              while(1)
  48          //                              {
  49          //                              if(leftlight == 1 && rightlight == 1 )
  50          //                              {
  51          //                                      Speedleft = 0;
  52          ////                                    Speedright = 0;
  53          //                              }
  54          //                              if(leftlight == 0 && rightlight == 0 )
C51 COMPILER V9.59.0.0   MAIN                                                              01/20/2023 18:45:21 PAGE 2   

  55          //                              {       
  56          //                                      Speedleft = 100;
  57          ////                                    Speedright = 100;
  58          //                              }
  59          //                              if(leftlight == 0 && rightlight == 1)
  60          //                              {       
  61          //                                      Speedleft = 100;
  62          ////                                    Speedright = 50;
  63          //                                      
  64          //                              }
  65          //                              if(leftlight == 1 && rightlight == 0)
  66          //                              {       
  67          //                                      Speedleft = 50;
  68          ////                                    Speedright = 100;
  69          //                              }
  70          //                              }
  71          //              
  72          
  73          
  74          
  75          
  76          //void Timer1_Routine() interrupt 3
  77          //{
  78          //      TL1 = 0xA4;             
  79          //      TH1 = 0xFF;             
  80          //      Counterright++; //
  81          //      if (Counterright < Speedright)  
  82          //      {
  83          //              ENA=1;
  84          //              ENB=1;
  85          //              IN23=1;
  86          //              IN24=0;
  87          //      }
  88          //      else                            
  89          //      {
  90          //              ENA=0;          
  91          //              ENB=0;
  92          //      }
  93          //      if(Counterright==100)
  94          //      {
  95          //              Counterright=0;
  96          //      }
  97          //}
  98          
  99          
 100          //void Timer0_Routine() interrupt 1
 101          //{
 102          //      TL0 = 0xA4;             
 103          //      TH0 = 0xFF;             
 104          //      Counterleft++;  
 105          //      if (Counterleft < Speedleft)    
 106          //      {
 107          //              ENA=1;
 108          //              ENB=1;
 109          //              IN21=1;
 110          //              IN22=0;
 111          //      }
 112          //      else                            
 113          //      {
 114          //              ENA=0;          
 115          //              ENB=0;
 116          //      }
C51 COMPILER V9.59.0.0   MAIN                                                              01/20/2023 18:45:21 PAGE 3   

 117          //      if(Counterleft==100)
 118          //      {
 119          //              Counterleft=0;
 120          //      }
 121          //}


MODULE INFORMATION:   STATIC OVERLAYABLE
   CODE SIZE        =      3    ----
   CONSTANT SIZE    =   ----    ----
   XDATA SIZE       =   ----    ----
   PDATA SIZE       =   ----    ----
   DATA SIZE        =   ----    ----
   IDATA SIZE       =   ----    ----
   BIT SIZE         =   ----    ----
END OF MODULE INFORMATION.


C51 COMPILATION COMPLETE.  0 WARNING(S),  0 ERROR(S)
