C51 COMPILER V9.59.0.0   1                                                                 01/17/2023 21:18:49 PAGE 1   


C51 COMPILER V9.59.0.0, COMPILATION OF MODULE 1
OBJECT MODULE PLACED IN .\Objects\1.obj
COMPILER INVOKED BY: D:\C51\BIN\C51.EXE 1.c OPTIMIZE(8,SPEED) BROWSE DEBUG OBJECTEXTEND PRINT(.\Listings\1.lst) OBJECT(.
                    -\Objects\1.obj)

line level    source

   1          #include <REGX52.H>
   2          
   3          
   4          
   5          void Timer1_Init()
   6          {
   7   1              TMOD &= 0xF0;           //???????
   8   1              TMOD |= 0x01;           //???????
   9   1              TL1 = 0xA4;             //??????
  10   1              TH1 = 0xFF;             //??????
  11   1              TF1 = 0;                //??TF0??
  12   1              TR1 = 1;                //???0????
  13   1              ET1=1;
  14   1              EA=1;
  15   1              PT1=0;
  16   1      }


MODULE INFORMATION:   STATIC OVERLAYABLE
   CODE SIZE        =     23    ----
   CONSTANT SIZE    =   ----    ----
   XDATA SIZE       =   ----    ----
   PDATA SIZE       =   ----    ----
   DATA SIZE        =   ----    ----
   IDATA SIZE       =   ----    ----
   BIT SIZE         =   ----    ----
END OF MODULE INFORMATION.


C51 COMPILATION COMPLETE.  0 WARNING(S),  0 ERROR(S)
