C51 COMPILER V9.59.0.0   CHAOSHENGBO                                                       01/20/2023 19:07:42 PAGE 1   


C51 COMPILER V9.59.0.0, COMPILATION OF MODULE CHAOSHENGBO
OBJECT MODULE PLACED IN .\Objects\chaoshengbo.obj
COMPILER INVOKED BY: D:\C51\BIN\C51.EXE chaoshengbo.c OPTIMIZE(8,SPEED) BROWSE DEBUG OBJECTEXTEND PRINT(.\Listings\chaos
                    -hengbo.lst) OBJECT(.\Objects\chaoshengbo.obj)

line level    source

   1          #include <REGX52.H>
   2          #include "car.h"
   3          #include "carstop.h"
   4          #include <intrins.h>
   5          sbit Trig = P2^1;   //超声波测距发射端位点
   6          sbit Echo = P2^2;   //超声波测距接收端位点
   7          sbit PWM = P2^0;
   8          
   9          unsigned int sum;    //超声波测距结果
  10          unsigned int mindistance = 20;  //小车与障碍物的限制距离
  11          
  12          void Delay1000ms()              //@11.0592MHz
  13          {
  14   1              unsigned char i, j, k;
  15   1      
  16   1              _nop_();
  17   1              i = 8;
  18   1              j = 1;
  19   1              k = 243;
  20   1              do
  21   1              {
  22   2                      do
  23   2                      {
  24   3                              while (--k);
  25   3                      } while (--j);
  26   2              } while (--i);
  27   1      }
  28          
  29          
  30          void Delay20us()                //@11.0592MHz  （延时20us）
  31          {
  32   1              unsigned char i;
  33   1      
  34   1              _nop_();
  35   1              i = 6;
  36   1              while (--i);
  37   1      }
  38          void chaoshengbo ()  //超声波测距程序
  39          {
  40   1              
  41   1      //      T2MOD = 0;              //初始化模式寄存器
  42   1      //      T2CON = 0;              //初始化控制寄存器
  43   1      //      TL2 = 0;                //设置定时初始值
  44   1      //      TH2 = 0;                //设置定时初始值
  45   1      //      RCAP2L = 0;             //设置定时重载值
  46   1      //      RCAP2H = 0;             //设置定时重载值
  47   1      
  48   1              TMOD = 0x11;            //设置定时器模式
  49   1              TL1 = 0;                //设置定时初始值
  50   1              TH1 = 0;                //设置定时初始值
  51   1      
  52   1              
  53   1              Trig = 1;   //发射一段脉冲，至少20us
  54   1              Delay20us();
C51 COMPILER V9.59.0.0   CHAOSHENGBO                                                       01/20/2023 19:07:42 PAGE 2   

  55   1              Trig = 0;
  56   1              
  57   1              while(!Echo);  //等待超声波模块的返回脉冲
  58   1              TR1 = 1;       //打开定时器
  59   1              while(Echo);   //等待超声波模块返回脉冲结束
  60   1              TR1 = 0;       //停止定时器，计时结束
  61   1      
  62   1              sum = ((TH1*256+TL1)*0.034)/2+1;  //计算距离
  63   1              
  64   1              if(mindistance > sum)
  65   1              {
  66   2                      carstop();
  67   2                      Delay1000ms();
  68   2              }
  69   1      }


MODULE INFORMATION:   STATIC OVERLAYABLE
   CODE SIZE        =    118    ----
   CONSTANT SIZE    =   ----    ----
   XDATA SIZE       =   ----    ----
   PDATA SIZE       =   ----    ----
   DATA SIZE        =      4    ----
   IDATA SIZE       =   ----    ----
   BIT SIZE         =   ----    ----
END OF MODULE INFORMATION.


C51 COMPILATION COMPLETE.  0 WARNING(S),  0 ERROR(S)
